sample/build/outputs/logs/manifest-merger-debug-report.txt
-- Merging decision tree log ---
manifest
ADDED from MoviesList\sample\AndroidManifest.xml:2:1-25:12
INJECTED from MoviesList\sample\AndroidManifest.xml:2:1-25:12
INJECTED from MoviesList\sample\AndroidManifest.xml:2:1-25:12
MERGED from [:library] AndroidManifest.xml:2:1-11:12
INJECTED from MoviesList\sample\AndroidManifest.xml:2:1-25:12
INJECTED from MoviesList\sample\AndroidManifest.xml:2:1-25:12
	package
		ADDED from MoviesList\sample\AndroidManifest.xml:3:5-55
	android:versionName
		ADDED from MoviesList\sample\AndroidManifest.xml:5:5-30
		INJECTED from MoviesList\sample\AndroidManifest.xml
		INJECTED from MoviesList\sample\AndroidManifest.xml
	xmlns:android
		ADDED from MoviesList\sample\AndroidManifest.xml:2:11-69
	android:versionCode
		ADDED from MoviesList\sample\AndroidManifest.xml:4:5-28
		INJECTED from MoviesList\sample\AndroidManifest.xml
		INJECTED from MoviesList\sample\AndroidManifest.xml
uses-sdk
ADDED from MoviesList\sample\AndroidManifest.xml:7:5-72
INJECTED from MoviesList\sample\AndroidManifest.xml:7:5-72
INJECTED from MoviesList\sample\AndroidManifest.xml:7:5-72
MERGED from [:library] AndroidManifest.xml:7:5-9:41
MERGED from [:library] AndroidManifest.xml:7:5-9:41
INJECTED from MoviesList\sample\AndroidManifest.xml:7:5-72
INJECTED from MoviesList\sample\AndroidManifest.xml:7:5-72
	android:targetSdkVersion
		ADDED from MoviesList\sample\AndroidManifest.xml:7:41-70
		INJECTED from MoviesList\sample\AndroidManifest.xml
		INJECTED from MoviesList\sample\AndroidManifest.xml
	android:minSdkVersion
		ADDED from MoviesList\sample\AndroidManifest.xml:7:15-40
		INJECTED from MoviesList\sample\AndroidManifest.xml
		INJECTED from MoviesList\sample\AndroidManifest.xml
uses-permission#android.permission.CAMERA
ADDED from MoviesList\sample\AndroidManifest.xml:9:5-65
	android:name
		ADDED from MoviesList\sample\AndroidManifest.xml:9:22-62
uses-feature#android.hardware.camera
ADDED from MoviesList\sample\AndroidManifest.xml:10:5-60
	android:name
		ADDED from MoviesList\sample\AndroidManifest.xml:10:19-57
uses-feature#android.hardware.camera.autofocus
ADDED from MoviesList\sample\AndroidManifest.xml:11:5-70
	android:name
		ADDED from MoviesList\sample\AndroidManifest.xml:11:19-67
uses-feature#android.hardware.camera.flash
ADDED from MoviesList\sample\AndroidManifest.xml:12:5-66
	android:name
		ADDED from MoviesList\sample\AndroidManifest.xml:12:19-63
application
ADDED from MoviesList\sample\AndroidManifest.xml:14:5-24:19
activity#com.welcu.android.zxingfragmentlibsample.SampleActivity
ADDED from MoviesList\sample\AndroidManifest.xml:15:9-20:20
	android:theme
		ADDED from MoviesList\sample\AndroidManifest.xml:15:90-121
	android:name
		ADDED from MoviesList\sample\AndroidManifest.xml:15:19-89
intent-filter#action:name:android.intent.action.MAIN+category:name:android.intent.category.LAUNCHER
ADDED from MoviesList\sample\AndroidManifest.xml:16:13-19:29
action#android.intent.action.MAIN
ADDED from MoviesList\sample\AndroidManifest.xml:17:17-69
	android:name
		ADDED from MoviesList\sample\AndroidManifest.xml:17:25-66
category#android.intent.category.LAUNCHER
ADDED from MoviesList\sample\AndroidManifest.xml:18:17-77
	android:name
		ADDED from MoviesList\sample\AndroidManifest.xml:18:27-74
activity#com.welcu.android.zxingfragmentlibsample.SampleNestedFragmentActivity
ADDED from MoviesList\sample\AndroidManifest.xml:21:9-22:20
	android:theme
		ADDED from MoviesList\sample\AndroidManifest.xml:21:64-95
	android:name
		ADDED from MoviesList\sample\AndroidManifest.xml:21:19-63
activity#com.welcu.android.zxingfragmentlibsample.SampleStretchedActivity
ADDED from MoviesList\sample\AndroidManifest.xml:23:9-102
	android:theme
		ADDED from MoviesList\sample\AndroidManifest.xml:23:59-90
	android:name
		ADDED from MoviesList\sample\AndroidManifest.xml:23:19-58